<?xml version="1.0" encoding="UTF-8"?>
<testng-results ignored="0" total="1" passed="1" failed="0" skipped="0">
  <reporter-output>
  </reporter-output>
  <suite started-at="2024-09-26T14:08:04 IST" name="Default suite" finished-at="2024-09-26T14:08:05 IST" duration-ms="680">
    <groups>
    </groups>
    <test started-at="2024-09-26T14:08:04 IST" name="Default test" finished-at="2024-09-26T14:08:05 IST" duration-ms="680">
      <class name="LoginTest.LoginTest">
        <test-method is-config="true" signature="OpenBrowser()[pri:0, instance:LoginTest.LoginTest@6bf0219d]" started-at="2024-09-26T14:07:54 IST" name="OpenBrowser" finished-at="2024-09-26T14:08:04 IST" duration-ms="10277" status="PASS">
          <reporter-output>
          </reporter-output>
        </test-method> <!-- OpenBrowser -->
        <test-method signature="LoginTest1()[pri:0, instance:LoginTest.LoginTest@6bf0219d]" started-at="2024-09-26T14:08:04 IST" name="LoginTest1" finished-at="2024-09-26T14:08:05 IST" duration-ms="651" status="PASS">
          <reporter-output>
          </reporter-output>
        </test-method> <!-- LoginTest1 -->
      </class> <!-- LoginTest.LoginTest -->
    </test> <!-- Default test -->
  </suite> <!-- Default suite -->
</testng-results>
